2023-07-08 20:38:28.689 +06:00 [INF] Loading configuration...
2023-07-08 20:38:28.700 +06:00 [INF] Not found, creating new one
2023-07-08 20:38:28.778 +06:00 [INF] Loading versions...
2023-07-08 20:38:29.654 +06:00 [INF] Internet available, fetching
2023-07-08 20:38:30.183 +06:00 [INF] Loading custom versions...
2023-07-08 20:38:30.200 +06:00 [INF] Loading settings...
2023-07-08 20:38:30.203 +06:00 [INF] Loading accounts...
2023-07-08 20:38:30.203 +06:00 [INF] Loading modpacks...
2023-07-08 20:43:08.057 +06:00 [INF] Loading configuration...
2023-07-08 20:43:08.144 +06:00 [INF] Loading versions...
2023-07-08 20:43:08.959 +06:00 [INF] Internet available, fetching
2023-07-08 20:43:09.840 +06:00 [INF] Loading custom versions...
2023-07-08 20:43:09.877 +06:00 [INF] Loading settings...
2023-07-08 20:43:09.879 +06:00 [INF] Loading accounts...
2023-07-08 20:43:09.880 +06:00 [INF] Loading modpacks...
2023-07-09 11:22:01.629 +06:00 [INF] Loading configuration...
2023-07-09 11:22:01.752 +06:00 [INF] Loading versions...
2023-07-09 11:22:02.655 +06:00 [INF] Internet available, fetching
2023-07-09 11:22:03.581 +06:00 [INF] Loading custom versions...
2023-07-09 11:22:03.615 +06:00 [INF] Loading settings...
2023-07-09 11:22:03.618 +06:00 [INF] Loading accounts...
2023-07-09 11:22:03.619 +06:00 [INF] Loading modpacks...
2023-07-09 11:23:44.466 +06:00 [INF] Loading configuration...
2023-07-09 11:23:44.466 +06:00 [INF] Loading versions...
2023-07-09 11:23:45.017 +06:00 [INF] Internet available, fetching
2023-07-09 11:23:45.466 +06:00 [INF] Loading custom versions...
2023-07-09 11:23:45.471 +06:00 [INF] Loading settings...
2023-07-09 11:23:45.471 +06:00 [INF] Loading accounts...
2023-07-09 11:23:45.471 +06:00 [INF] Loading modpacks...
2023-07-09 11:23:53.349 +06:00 [INF] Loading configuration...
2023-07-09 11:23:53.350 +06:00 [INF] Loading versions...
2023-07-09 11:23:53.906 +06:00 [INF] Internet available, fetching
2023-07-09 11:23:54.066 +06:00 [INF] Loading custom versions...
2023-07-09 11:23:54.071 +06:00 [INF] Loading settings...
2023-07-09 11:23:54.071 +06:00 [INF] Loading accounts...
2023-07-09 11:23:54.071 +06:00 [INF] Loading modpacks...
2023-07-09 11:24:01.786 +06:00 [INF] Loading configuration...
2023-07-09 11:24:01.787 +06:00 [INF] Loading versions...
2023-07-09 11:24:02.349 +06:00 [INF] Internet available, fetching
2023-07-09 11:24:02.503 +06:00 [INF] Loading custom versions...
2023-07-09 11:24:02.505 +06:00 [INF] Loading settings...
2023-07-09 11:24:02.505 +06:00 [INF] Loading accounts...
2023-07-09 11:24:02.505 +06:00 [INF] Loading modpacks...
2023-07-09 11:25:38.214 +06:00 [INF] Loading configuration...
2023-07-09 11:25:38.214 +06:00 [INF] Loading versions...
2023-07-09 11:25:38.850 +06:00 [INF] Internet available, fetching
2023-07-09 11:25:39.728 +06:00 [INF] Loading custom versions...
2023-07-09 11:25:39.732 +06:00 [INF] Loading settings...
2023-07-09 11:25:39.733 +06:00 [INF] Loading accounts...
2023-07-09 11:25:39.733 +06:00 [INF] Loading modpacks...
2023-07-09 11:25:47.740 +06:00 [INF] Loading configuration...
2023-07-09 11:25:47.740 +06:00 [INF] Loading versions...
2023-07-09 11:25:48.308 +06:00 [INF] Internet available, fetching
2023-07-09 11:25:48.456 +06:00 [INF] Loading custom versions...
2023-07-09 11:25:48.459 +06:00 [INF] Loading settings...
2023-07-09 11:25:48.459 +06:00 [INF] Loading accounts...
2023-07-09 11:25:48.459 +06:00 [INF] Loading modpacks...
2023-07-09 11:25:49.246 +06:00 [INF] Loading configuration...
2023-07-09 11:25:49.246 +06:00 [INF] Loading versions...
2023-07-09 11:25:49.797 +06:00 [INF] Internet available, fetching
2023-07-09 11:25:49.942 +06:00 [INF] Loading custom versions...
2023-07-09 11:25:49.944 +06:00 [INF] Loading settings...
2023-07-09 11:25:49.944 +06:00 [INF] Loading accounts...
2023-07-09 11:25:49.944 +06:00 [INF] Loading modpacks...
2023-07-09 11:25:53.552 +06:00 [INF] Loading configuration...
2023-07-09 11:25:53.552 +06:00 [INF] Loading versions...
2023-07-09 11:25:54.103 +06:00 [INF] Internet available, fetching
2023-07-09 11:25:54.270 +06:00 [INF] Loading custom versions...
2023-07-09 11:25:54.283 +06:00 [INF] Loading settings...
2023-07-09 11:25:54.283 +06:00 [INF] Loading accounts...
2023-07-09 11:25:54.284 +06:00 [INF] Loading modpacks...
2023-07-09 11:26:16.579 +06:00 [INF] Loading configuration...
2023-07-09 11:26:16.580 +06:00 [INF] Loading versions...
2023-07-09 11:26:17.191 +06:00 [INF] Internet available, fetching
2023-07-09 11:26:17.337 +06:00 [INF] Loading custom versions...
2023-07-09 11:26:17.339 +06:00 [INF] Loading settings...
2023-07-09 11:26:17.339 +06:00 [INF] Loading accounts...
2023-07-09 11:26:17.339 +06:00 [INF] Loading modpacks...
2023-07-09 11:27:50.328 +06:00 [INF] Loading configuration...
2023-07-09 11:27:50.328 +06:00 [INF] Loading versions...
2023-07-09 11:27:50.997 +06:00 [INF] Internet available, fetching
2023-07-09 11:27:51.878 +06:00 [INF] Loading custom versions...
2023-07-09 11:27:51.883 +06:00 [INF] Loading settings...
2023-07-09 11:27:51.883 +06:00 [INF] Loading accounts...
2023-07-09 11:27:51.883 +06:00 [INF] Loading modpacks...
2023-07-09 11:28:48.754 +06:00 [INF] Loading configuration...
2023-07-09 11:28:48.754 +06:00 [INF] Loading versions...
2023-07-09 11:28:49.309 +06:00 [INF] Internet available, fetching
2023-07-09 11:28:49.461 +06:00 [INF] Loading custom versions...
2023-07-09 11:28:49.466 +06:00 [INF] Loading settings...
2023-07-09 11:28:49.467 +06:00 [INF] Loading accounts...
2023-07-09 11:28:49.467 +06:00 [INF] Loading modpacks...
2023-07-09 11:29:00.297 +06:00 [INF] Loading configuration...
2023-07-09 11:29:00.297 +06:00 [INF] Loading versions...
2023-07-09 11:29:00.851 +06:00 [INF] Internet available, fetching
2023-07-09 11:29:00.874 +06:00 [INF] Loading configuration...
2023-07-09 11:29:00.874 +06:00 [INF] Loading versions...
2023-07-09 11:29:01.002 +06:00 [INF] Loading custom versions...
2023-07-09 11:29:01.004 +06:00 [INF] Loading settings...
2023-07-09 11:29:01.004 +06:00 [INF] Loading accounts...
2023-07-09 11:29:01.004 +06:00 [INF] Loading modpacks...
2023-07-09 11:29:01.442 +06:00 [INF] Internet available, fetching
2023-07-09 11:29:01.519 +06:00 [INF] Loading configuration...
2023-07-09 11:29:01.519 +06:00 [INF] Loading versions...
2023-07-09 11:29:01.595 +06:00 [INF] Loading custom versions...
2023-07-09 11:29:01.597 +06:00 [INF] Loading settings...
2023-07-09 11:29:01.597 +06:00 [INF] Loading accounts...
2023-07-09 11:29:01.597 +06:00 [INF] Loading modpacks...
2023-07-09 11:29:02.081 +06:00 [INF] Internet available, fetching
2023-07-09 11:29:02.243 +06:00 [INF] Loading custom versions...
2023-07-09 11:29:02.244 +06:00 [INF] Loading settings...
2023-07-09 11:29:02.245 +06:00 [INF] Loading accounts...
2023-07-09 11:29:02.245 +06:00 [INF] Loading modpacks...
2023-07-09 11:29:06.798 +06:00 [INF] Loading configuration...
2023-07-09 11:29:06.799 +06:00 [INF] Loading versions...
2023-07-09 11:29:07.345 +06:00 [INF] Internet available, fetching
2023-07-09 11:29:07.349 +06:00 [INF] Loading configuration...
2023-07-09 11:29:07.350 +06:00 [INF] Loading versions...
2023-07-09 11:29:07.496 +06:00 [INF] Loading custom versions...
2023-07-09 11:29:07.499 +06:00 [INF] Loading settings...
2023-07-09 11:29:07.500 +06:00 [INF] Loading accounts...
2023-07-09 11:29:07.500 +06:00 [INF] Loading modpacks...
2023-07-09 11:29:07.888 +06:00 [INF] Internet available, fetching
2023-07-09 11:29:08.040 +06:00 [INF] Loading custom versions...
2023-07-09 11:29:08.042 +06:00 [INF] Loading settings...
2023-07-09 11:29:08.042 +06:00 [INF] Loading accounts...
2023-07-09 11:29:08.042 +06:00 [INF] Loading modpacks...
2023-07-09 11:29:08.472 +06:00 [INF] Loading configuration...
2023-07-09 11:29:08.472 +06:00 [INF] Loading versions...
2023-07-09 11:29:08.987 +06:00 [INF] Internet available, fetching
2023-07-09 11:29:09.143 +06:00 [INF] Loading custom versions...
2023-07-09 11:29:09.151 +06:00 [INF] Loading settings...
2023-07-09 11:29:09.151 +06:00 [INF] Loading accounts...
2023-07-09 11:29:09.151 +06:00 [INF] Loading modpacks...
2023-07-09 11:30:38.439 +06:00 [INF] Loading configuration...
2023-07-09 11:30:38.439 +06:00 [INF] Loading versions...
2023-07-09 11:30:39.054 +06:00 [INF] Internet available, fetching
2023-07-09 11:30:40.043 +06:00 [INF] Loading custom versions...
2023-07-09 11:30:40.047 +06:00 [INF] Loading settings...
2023-07-09 11:30:40.047 +06:00 [INF] Loading accounts...
2023-07-09 11:30:40.047 +06:00 [INF] Loading modpacks...
2023-07-09 11:32:02.042 +06:00 [INF] Loading configuration...
2023-07-09 11:32:02.042 +06:00 [INF] Loading versions...
2023-07-09 11:32:02.437 +06:00 [INF] Loading configuration...
2023-07-09 11:32:02.437 +06:00 [INF] Loading versions...
2023-07-09 11:32:02.604 +06:00 [INF] Internet available, fetching
2023-07-09 11:32:02.976 +06:00 [INF] Internet available, fetching
2023-07-09 11:32:03.115 +06:00 [INF] Loading custom versions...
2023-07-09 11:32:03.117 +06:00 [INF] Loading settings...
2023-07-09 11:32:03.117 +06:00 [INF] Loading accounts...
2023-07-09 11:32:03.117 +06:00 [INF] Loading modpacks...
2023-07-09 11:32:03.230 +06:00 [INF] Loading custom versions...
2023-07-09 11:32:03.235 +06:00 [INF] Loading settings...
2023-07-09 11:32:03.235 +06:00 [INF] Loading accounts...
2023-07-09 11:32:03.235 +06:00 [INF] Loading modpacks...
2023-07-09 11:32:18.857 +06:00 [INF] Loading configuration...
2023-07-09 11:32:18.858 +06:00 [INF] Loading versions...
2023-07-09 11:32:19.400 +06:00 [INF] Internet available, fetching
2023-07-09 11:32:19.550 +06:00 [INF] Loading custom versions...
2023-07-09 11:32:19.555 +06:00 [INF] Loading settings...
2023-07-09 11:32:19.555 +06:00 [INF] Loading accounts...
2023-07-09 11:32:19.555 +06:00 [INF] Loading modpacks...
2023-07-09 11:37:20.840 +06:00 [INF] Loading configuration...
2023-07-09 11:37:20.841 +06:00 [INF] Loading versions...
2023-07-09 11:37:21.522 +06:00 [INF] Internet available, fetching
2023-07-09 11:37:22.394 +06:00 [INF] Loading custom versions...
2023-07-09 11:37:22.398 +06:00 [INF] Loading settings...
2023-07-09 11:37:22.398 +06:00 [INF] Loading accounts...
2023-07-09 11:37:22.398 +06:00 [INF] Loading modpacks...
2023-07-09 11:38:00.442 +06:00 [INF] Loading configuration...
2023-07-09 11:38:00.443 +06:00 [INF] Loading versions...
2023-07-09 11:38:01.088 +06:00 [INF] Internet available, fetching
2023-07-09 11:38:01.238 +06:00 [INF] Loading custom versions...
2023-07-09 11:38:01.245 +06:00 [INF] Loading settings...
2023-07-09 11:38:01.245 +06:00 [INF] Loading accounts...
2023-07-09 11:38:01.245 +06:00 [INF] Loading modpacks...
2023-07-09 11:39:12.617 +06:00 [INF] Loading configuration...
2023-07-09 11:39:12.618 +06:00 [INF] Loading versions...
2023-07-09 11:39:13.216 +06:00 [INF] Internet available, fetching
2023-07-09 11:39:13.696 +06:00 [INF] Loading custom versions...
2023-07-09 11:39:13.698 +06:00 [INF] Loading settings...
2023-07-09 11:39:13.698 +06:00 [INF] Loading accounts...
2023-07-09 11:39:13.698 +06:00 [INF] Loading modpacks...
2023-07-09 11:39:20.198 +06:00 [INF] Loading configuration...
2023-07-09 11:39:20.199 +06:00 [INF] Loading versions...
2023-07-09 11:39:20.770 +06:00 [INF] Internet available, fetching
2023-07-09 11:39:20.918 +06:00 [INF] Loading custom versions...
2023-07-09 11:39:20.932 +06:00 [INF] Loading settings...
2023-07-09 11:39:20.932 +06:00 [INF] Loading accounts...
2023-07-09 11:39:20.932 +06:00 [INF] Loading modpacks...
2023-07-09 11:39:32.656 +06:00 [INF] Loading configuration...
2023-07-09 11:39:32.656 +06:00 [INF] Loading versions...
2023-07-09 11:39:33.223 +06:00 [INF] Internet available, fetching
2023-07-09 11:39:33.372 +06:00 [INF] Loading custom versions...
2023-07-09 11:39:33.376 +06:00 [INF] Loading settings...
2023-07-09 11:39:33.376 +06:00 [INF] Loading accounts...
2023-07-09 11:39:33.376 +06:00 [INF] Loading modpacks...
2023-07-09 11:39:42.752 +06:00 [INF] Loading configuration...
2023-07-09 11:39:42.752 +06:00 [INF] Loading versions...
2023-07-09 11:39:43.299 +06:00 [INF] Internet available, fetching
2023-07-09 11:39:43.449 +06:00 [INF] Loading custom versions...
2023-07-09 11:39:43.451 +06:00 [INF] Loading settings...
2023-07-09 11:39:43.451 +06:00 [INF] Loading accounts...
2023-07-09 11:39:43.451 +06:00 [INF] Loading modpacks...
2023-07-09 11:59:06.940 +06:00 [INF] Loading configuration...
2023-07-09 11:59:06.940 +06:00 [INF] Loading versions...
2023-07-09 11:59:07.622 +06:00 [INF] Internet available, fetching
2023-07-09 11:59:08.495 +06:00 [INF] Loading custom versions...
2023-07-09 11:59:08.500 +06:00 [INF] Loading settings...
2023-07-09 11:59:08.501 +06:00 [INF] Loading accounts...
2023-07-09 11:59:08.501 +06:00 [INF] Loading modpacks...
2023-07-09 11:59:09.286 +06:00 [INF] Loading configuration...
2023-07-09 11:59:09.286 +06:00 [INF] Loading versions...
2023-07-09 11:59:09.825 +06:00 [INF] Internet available, fetching
2023-07-09 11:59:09.985 +06:00 [INF] Loading custom versions...
2023-07-09 11:59:09.990 +06:00 [INF] Loading settings...
2023-07-09 11:59:09.990 +06:00 [INF] Loading accounts...
2023-07-09 11:59:09.990 +06:00 [INF] Loading modpacks...
2023-07-09 11:59:11.481 +06:00 [INF] Loading configuration...
2023-07-09 11:59:11.482 +06:00 [INF] Loading versions...
2023-07-09 11:59:12.048 +06:00 [INF] Internet available, fetching
2023-07-09 11:59:12.200 +06:00 [INF] Loading custom versions...
2023-07-09 11:59:12.202 +06:00 [INF] Loading settings...
2023-07-09 11:59:12.202 +06:00 [INF] Loading accounts...
2023-07-09 11:59:12.202 +06:00 [INF] Loading modpacks...
2023-07-09 11:59:13.077 +06:00 [INF] Loading configuration...
2023-07-09 11:59:13.078 +06:00 [INF] Loading versions...
2023-07-09 11:59:13.644 +06:00 [INF] Internet available, fetching
2023-07-09 11:59:13.798 +06:00 [INF] Loading custom versions...
2023-07-09 11:59:13.803 +06:00 [INF] Loading settings...
2023-07-09 11:59:13.803 +06:00 [INF] Loading accounts...
2023-07-09 11:59:13.803 +06:00 [INF] Loading modpacks...
2023-07-09 11:59:20.929 +06:00 [INF] Loading configuration...
2023-07-09 11:59:20.929 +06:00 [INF] Loading versions...
2023-07-09 11:59:21.501 +06:00 [INF] Internet available, fetching
2023-07-09 11:59:21.650 +06:00 [INF] Loading custom versions...
2023-07-09 11:59:21.829 +06:00 [INF] Loading settings...
2023-07-09 11:59:21.829 +06:00 [INF] Loading accounts...
2023-07-09 11:59:21.829 +06:00 [INF] Loading modpacks...
2023-07-09 11:59:21.833 +06:00 [INF] Loading configuration...
2023-07-09 11:59:21.833 +06:00 [INF] Loading versions...
2023-07-09 11:59:22.376 +06:00 [INF] Internet available, fetching
2023-07-09 11:59:22.525 +06:00 [INF] Loading custom versions...
2023-07-09 11:59:22.530 +06:00 [INF] Loading settings...
2023-07-09 11:59:22.530 +06:00 [INF] Loading accounts...
2023-07-09 11:59:22.530 +06:00 [INF] Loading modpacks...
2023-07-09 12:03:35.502 +06:00 [INF] Loading configuration...
2023-07-09 12:03:35.502 +06:00 [INF] Loading versions...
2023-07-09 12:03:36.163 +06:00 [INF] Internet available, fetching
2023-07-09 12:03:37.085 +06:00 [INF] Loading custom versions...
2023-07-09 12:03:37.087 +06:00 [INF] Loading settings...
2023-07-09 12:03:37.087 +06:00 [INF] Loading accounts...
2023-07-09 12:03:37.087 +06:00 [INF] Loading modpacks...
2023-07-09 12:03:41.079 +06:00 [INF] Loading configuration...
2023-07-09 12:03:41.079 +06:00 [INF] Loading versions...
2023-07-09 12:03:41.640 +06:00 [INF] Internet available, fetching
2023-07-09 12:03:41.789 +06:00 [INF] Loading custom versions...
2023-07-09 12:03:41.795 +06:00 [INF] Loading settings...
2023-07-09 12:03:41.795 +06:00 [INF] Loading accounts...
2023-07-09 12:03:41.795 +06:00 [INF] Loading modpacks...
2023-07-09 12:03:49.774 +06:00 [INF] Loading configuration...
2023-07-09 12:03:49.774 +06:00 [INF] Loading versions...
2023-07-09 12:03:50.324 +06:00 [INF] Internet available, fetching
2023-07-09 12:03:50.473 +06:00 [INF] Loading custom versions...
2023-07-09 12:03:50.475 +06:00 [INF] Loading settings...
2023-07-09 12:03:50.475 +06:00 [INF] Loading accounts...
2023-07-09 12:03:50.475 +06:00 [INF] Loading modpacks...
2023-07-09 12:03:53.843 +06:00 [INF] Loading configuration...
2023-07-09 12:03:53.843 +06:00 [INF] Loading versions...
2023-07-09 12:03:54.419 +06:00 [INF] Internet available, fetching
2023-07-09 12:03:54.571 +06:00 [INF] Loading custom versions...
2023-07-09 12:03:54.577 +06:00 [INF] Loading settings...
2023-07-09 12:03:54.577 +06:00 [INF] Loading accounts...
2023-07-09 12:03:54.577 +06:00 [INF] Loading modpacks...
2023-07-09 12:03:59.931 +06:00 [INF] Loading configuration...
2023-07-09 12:03:59.931 +06:00 [INF] Loading versions...
2023-07-09 12:04:00.506 +06:00 [INF] Internet available, fetching
2023-07-09 12:04:00.656 +06:00 [INF] Loading custom versions...
2023-07-09 12:04:00.658 +06:00 [INF] Loading settings...
2023-07-09 12:04:00.658 +06:00 [INF] Loading accounts...
2023-07-09 12:04:00.658 +06:00 [INF] Loading modpacks...
2023-07-09 12:04:00.661 +06:00 [INF] Loading configuration...
2023-07-09 12:04:00.661 +06:00 [INF] Loading versions...
2023-07-09 12:04:01.233 +06:00 [INF] Internet available, fetching
2023-07-09 12:04:01.382 +06:00 [INF] Loading custom versions...
2023-07-09 12:04:01.386 +06:00 [INF] Loading settings...
2023-07-09 12:04:01.386 +06:00 [INF] Loading accounts...
2023-07-09 12:04:01.386 +06:00 [INF] Loading modpacks...
2023-07-09 12:04:25.827 +06:00 [INF] Loading configuration...
2023-07-09 12:04:25.827 +06:00 [INF] Loading versions...
2023-07-09 12:04:26.431 +06:00 [INF] Internet available, fetching
2023-07-09 12:04:26.581 +06:00 [INF] Loading custom versions...
2023-07-09 12:04:26.584 +06:00 [INF] Loading settings...
2023-07-09 12:04:26.584 +06:00 [INF] Loading accounts...
2023-07-09 12:04:26.584 +06:00 [INF] Loading modpacks...
2023-07-09 12:04:27.556 +06:00 [INF] Loading configuration...
2023-07-09 12:04:27.556 +06:00 [INF] Loading versions...
2023-07-09 12:04:28.126 +06:00 [INF] Internet available, fetching
2023-07-09 12:04:28.276 +06:00 [INF] Loading custom versions...
2023-07-09 12:04:28.282 +06:00 [INF] Loading settings...
2023-07-09 12:04:28.283 +06:00 [INF] Loading accounts...
2023-07-09 12:04:28.283 +06:00 [INF] Loading modpacks...
2023-07-09 12:57:09.461 +06:00 [INF] Loading configuration...
2023-07-09 12:57:09.542 +06:00 [INF] Loading versions...
2023-07-09 12:57:10.404 +06:00 [INF] Internet available, fetching
2023-07-09 12:57:10.761 +06:00 [INF] Loading custom versions...
2023-07-09 12:57:10.793 +06:00 [INF] Loading settings...
2023-07-09 12:57:10.795 +06:00 [INF] Loading accounts...
2023-07-09 12:57:10.796 +06:00 [INF] Loading modpacks...
2023-07-09 12:57:41.368 +06:00 [INF] Loading configuration...
2023-07-09 12:57:41.368 +06:00 [INF] Loading versions...
2023-07-09 12:57:41.916 +06:00 [INF] Internet available, fetching
2023-07-09 12:57:42.445 +06:00 [INF] Loading configuration...
2023-07-09 12:57:42.445 +06:00 [INF] Loading versions...
2023-07-09 12:57:42.626 +06:00 [INF] Loading custom versions...
2023-07-09 12:57:42.628 +06:00 [INF] Loading settings...
2023-07-09 12:57:42.628 +06:00 [INF] Loading accounts...
2023-07-09 12:57:42.628 +06:00 [INF] Loading modpacks...
2023-07-09 12:57:43.020 +06:00 [INF] Internet available, fetching
2023-07-09 12:57:43.162 +06:00 [INF] Loading configuration...
2023-07-09 12:57:43.162 +06:00 [INF] Loading versions...
2023-07-09 12:57:43.175 +06:00 [INF] Loading custom versions...
2023-07-09 12:57:43.200 +06:00 [INF] Loading settings...
2023-07-09 12:57:43.200 +06:00 [INF] Loading accounts...
2023-07-09 12:57:43.200 +06:00 [INF] Loading modpacks...
2023-07-09 12:57:43.724 +06:00 [INF] Internet available, fetching
2023-07-09 12:57:43.874 +06:00 [INF] Loading custom versions...
2023-07-09 12:57:43.996 +06:00 [INF] Loading settings...
2023-07-09 12:57:43.997 +06:00 [INF] Loading accounts...
2023-07-09 12:57:43.997 +06:00 [INF] Loading modpacks...
2023-07-09 12:57:44.002 +06:00 [INF] Loading configuration...
2023-07-09 12:57:44.003 +06:00 [INF] Loading versions...
2023-07-09 12:57:44.586 +06:00 [INF] Internet available, fetching
2023-07-09 12:57:44.736 +06:00 [INF] Loading custom versions...
2023-07-09 12:57:44.743 +06:00 [INF] Loading settings...
2023-07-09 12:57:44.743 +06:00 [INF] Loading accounts...
2023-07-09 12:57:44.743 +06:00 [INF] Loading modpacks...
2023-07-09 12:57:45.032 +06:00 [INF] Loading configuration...
2023-07-09 12:57:45.033 +06:00 [INF] Loading versions...
2023-07-09 12:57:45.576 +06:00 [INF] Internet available, fetching
2023-07-09 12:57:45.732 +06:00 [INF] Loading custom versions...
2023-07-09 12:57:45.734 +06:00 [INF] Loading settings...
2023-07-09 12:57:45.734 +06:00 [INF] Loading accounts...
2023-07-09 12:57:45.734 +06:00 [INF] Loading modpacks...
2023-07-09 13:35:38.850 +06:00 [INF] Loading configuration...
2023-07-09 13:35:38.929 +06:00 [INF] Loading versions...
2023-07-09 13:35:39.802 +06:00 [INF] Internet available, fetching
2023-07-09 13:37:12.350 +06:00 [INF] Loading configuration...
2023-07-09 13:37:12.444 +06:00 [INF] Loading versions...
2023-07-09 13:37:13.215 +06:00 [INF] Internet available, fetching
2023-07-09 13:37:13.809 +06:00 [INF] Loading custom versions...
2023-07-09 13:37:13.839 +06:00 [INF] Loading settings...
2023-07-09 13:37:13.841 +06:00 [INF] Loading accounts...
2023-07-09 13:37:13.842 +06:00 [INF] Loading modpacks...
2023-07-09 13:40:49.061 +06:00 [INF] Loading configuration...
2023-07-09 13:40:49.061 +06:00 [INF] Loading versions...
2023-07-09 13:40:49.767 +06:00 [INF] Internet available, fetching
2023-07-09 13:40:50.247 +06:00 [INF] Loading custom versions...
2023-07-09 13:40:50.257 +06:00 [INF] Loading settings...
2023-07-09 13:40:50.257 +06:00 [INF] Loading accounts...
2023-07-09 13:40:50.257 +06:00 [INF] Loading modpacks...
2023-07-09 13:40:52.666 +06:00 [INF] Loading configuration...
2023-07-09 13:40:52.666 +06:00 [INF] Loading versions...
2023-07-09 13:40:53.090 +06:00 [INF] Loading configuration...
2023-07-09 13:40:53.090 +06:00 [INF] Loading versions...
2023-07-09 13:40:53.242 +06:00 [INF] Internet available, fetching
2023-07-09 13:40:53.398 +06:00 [INF] Loading custom versions...
2023-07-09 13:40:53.400 +06:00 [INF] Loading settings...
2023-07-09 13:40:53.401 +06:00 [INF] Loading accounts...
2023-07-09 13:40:53.401 +06:00 [INF] Loading modpacks...
2023-07-09 13:40:53.640 +06:00 [INF] Internet available, fetching
2023-07-09 13:40:53.796 +06:00 [INF] Loading custom versions...
2023-07-09 13:40:53.802 +06:00 [INF] Loading settings...
2023-07-09 13:40:53.802 +06:00 [INF] Loading accounts...
2023-07-09 13:40:53.802 +06:00 [INF] Loading modpacks...
2023-07-09 13:41:12.280 +06:00 [INF] Loading configuration...
2023-07-09 13:41:12.362 +06:00 [INF] Loading versions...
2023-07-09 13:41:13.223 +06:00 [INF] Internet available, fetching
2023-07-09 13:41:13.587 +06:00 [INF] Loading custom versions...
2023-07-09 13:41:13.617 +06:00 [INF] Loading settings...
2023-07-09 13:41:13.620 +06:00 [INF] Loading accounts...
2023-07-09 13:41:13.620 +06:00 [INF] Loading modpacks...
2023-07-09 13:42:20.316 +06:00 [INF] Loading configuration...
2023-07-09 13:42:20.395 +06:00 [INF] Loading versions...
2023-07-09 13:42:21.146 +06:00 [INF] Internet available, fetching
2023-07-09 13:42:21.496 +06:00 [INF] Loading custom versions...
2023-07-09 13:42:21.532 +06:00 [INF] Loading settings...
2023-07-09 13:42:21.535 +06:00 [INF] Loading accounts...
2023-07-09 13:42:21.535 +06:00 [INF] Loading modpacks...
2023-07-09 13:42:55.700 +06:00 [INF] Loading configuration...
2023-07-09 13:42:55.701 +06:00 [INF] Loading versions...
2023-07-09 13:42:56.447 +06:00 [INF] Internet available, fetching
2023-07-09 13:42:57.198 +06:00 [INF] Loading custom versions...
2023-07-09 13:42:57.201 +06:00 [INF] Loading settings...
2023-07-09 13:42:57.201 +06:00 [INF] Loading accounts...
2023-07-09 13:42:57.201 +06:00 [INF] Loading modpacks...
2023-07-09 13:42:58.888 +06:00 [INF] Loading configuration...
2023-07-09 13:42:58.888 +06:00 [INF] Loading versions...
2023-07-09 13:42:59.593 +06:00 [INF] Internet available, fetching
2023-07-09 13:42:59.746 +06:00 [INF] Loading custom versions...
2023-07-09 13:42:59.748 +06:00 [INF] Loading settings...
2023-07-09 13:42:59.748 +06:00 [INF] Loading accounts...
2023-07-09 13:42:59.748 +06:00 [INF] Loading modpacks...
2023-07-09 13:43:09.441 +06:00 [INF] Loading configuration...
2023-07-09 13:43:09.441 +06:00 [INF] Loading versions...
2023-07-09 13:43:10.128 +06:00 [INF] Internet available, fetching
2023-07-09 13:43:10.283 +06:00 [INF] Loading custom versions...
2023-07-09 13:43:10.285 +06:00 [INF] Loading settings...
2023-07-09 13:43:10.285 +06:00 [INF] Loading accounts...
2023-07-09 13:43:10.285 +06:00 [INF] Loading modpacks...
2023-07-09 13:52:55.868 +06:00 [INF] Loading configuration...
2023-07-09 13:52:55.957 +06:00 [INF] Loading versions...
2023-07-09 13:52:56.876 +06:00 [INF] Internet available, fetching
2023-07-09 13:52:57.768 +06:00 [INF] Loading custom versions...
2023-07-09 13:52:57.801 +06:00 [INF] Loading settings...
2023-07-09 13:52:57.804 +06:00 [INF] Loading accounts...
2023-07-09 13:52:57.804 +06:00 [INF] Loading modpacks...
2023-07-09 13:53:25.677 +06:00 [INF] Loading configuration...
2023-07-09 13:53:25.677 +06:00 [INF] Loading versions...
2023-07-09 13:53:26.348 +06:00 [INF] Internet available, fetching
2023-07-09 13:53:26.501 +06:00 [INF] Loading custom versions...
2023-07-09 13:53:26.503 +06:00 [INF] Loading settings...
2023-07-09 13:53:26.504 +06:00 [INF] Loading accounts...
2023-07-09 13:53:26.504 +06:00 [INF] Loading modpacks...
2023-07-09 13:53:40.880 +06:00 [INF] Loading configuration...
2023-07-09 13:53:40.880 +06:00 [INF] Loading versions...
2023-07-09 13:53:41.625 +06:00 [INF] Internet available, fetching
2023-07-09 13:53:41.771 +06:00 [INF] Loading custom versions...
2023-07-09 13:53:41.774 +06:00 [INF] Loading settings...
2023-07-09 13:53:41.774 +06:00 [INF] Loading accounts...
2023-07-09 13:53:41.774 +06:00 [INF] Loading modpacks...
2023-07-09 13:53:46.940 +06:00 [INF] Loading configuration...
2023-07-09 13:53:46.940 +06:00 [INF] Loading versions...
2023-07-09 13:53:47.311 +06:00 [INF] Loading configuration...
2023-07-09 13:53:47.311 +06:00 [INF] Loading versions...
2023-07-09 13:53:47.670 +06:00 [INF] Internet available, fetching
2023-07-09 13:53:47.820 +06:00 [INF] Loading custom versions...
2023-07-09 13:53:47.828 +06:00 [INF] Loading settings...
2023-07-09 13:53:47.828 +06:00 [INF] Loading accounts...
2023-07-09 13:53:47.828 +06:00 [INF] Loading modpacks...
2023-07-09 13:53:47.832 +06:00 [INF] Loading configuration...
2023-07-09 13:53:47.832 +06:00 [INF] Loading versions...
2023-07-09 13:53:47.985 +06:00 [INF] Internet available, fetching
2023-07-09 13:53:48.132 +06:00 [INF] Loading custom versions...
2023-07-09 13:53:48.137 +06:00 [INF] Loading settings...
2023-07-09 13:53:48.138 +06:00 [INF] Loading accounts...
2023-07-09 13:53:48.138 +06:00 [INF] Loading modpacks...
2023-07-09 13:53:48.535 +06:00 [INF] Internet available, fetching
2023-07-09 13:53:48.692 +06:00 [INF] Loading custom versions...
2023-07-09 13:53:48.711 +06:00 [INF] Loading settings...
2023-07-09 13:53:48.712 +06:00 [INF] Loading accounts...
2023-07-09 13:53:48.712 +06:00 [INF] Loading modpacks...
2023-07-09 13:53:49.282 +06:00 [INF] Loading configuration...
2023-07-09 13:53:49.282 +06:00 [INF] Loading versions...
2023-07-09 13:53:49.780 +06:00 [INF] Loading configuration...
2023-07-09 13:53:49.780 +06:00 [INF] Loading versions...
2023-07-09 13:53:49.952 +06:00 [INF] Internet available, fetching
2023-07-09 13:53:50.099 +06:00 [INF] Loading custom versions...
2023-07-09 13:53:50.101 +06:00 [INF] Loading settings...
2023-07-09 13:53:50.101 +06:00 [INF] Loading accounts...
2023-07-09 13:53:50.102 +06:00 [INF] Loading modpacks...
2023-07-09 13:53:50.485 +06:00 [INF] Internet available, fetching
2023-07-09 13:53:50.631 +06:00 [INF] Loading custom versions...
2023-07-09 13:53:50.633 +06:00 [INF] Loading settings...
2023-07-09 13:53:50.633 +06:00 [INF] Loading accounts...
2023-07-09 13:53:50.633 +06:00 [INF] Loading modpacks...
2023-07-09 13:54:45.684 +06:00 [INF] Loading configuration...
2023-07-09 13:54:45.686 +06:00 [INF] Loading versions...
2023-07-09 13:54:46.354 +06:00 [INF] Internet available, fetching
2023-07-09 13:54:46.503 +06:00 [INF] Loading custom versions...
2023-07-09 13:54:46.505 +06:00 [INF] Loading settings...
2023-07-09 13:54:46.506 +06:00 [INF] Loading accounts...
2023-07-09 13:54:46.506 +06:00 [INF] Loading modpacks...
2023-07-09 13:54:59.626 +06:00 [INF] Loading configuration...
2023-07-09 13:54:59.626 +06:00 [INF] Loading versions...
2023-07-09 13:55:00.319 +06:00 [INF] Internet available, fetching
2023-07-09 13:55:00.977 +06:00 [INF] Loading custom versions...
2023-07-09 13:55:00.979 +06:00 [INF] Loading settings...
2023-07-09 13:55:00.979 +06:00 [INF] Loading accounts...
2023-07-09 13:55:00.979 +06:00 [INF] Loading modpacks...
2023-07-09 13:55:02.403 +06:00 [INF] Loading configuration...
2023-07-09 13:55:02.403 +06:00 [INF] Loading versions...
2023-07-09 13:55:03.324 +06:00 [INF] Internet available, fetching
2023-07-09 13:55:03.471 +06:00 [INF] Loading custom versions...
2023-07-09 13:55:03.475 +06:00 [INF] Loading settings...
2023-07-09 13:55:03.475 +06:00 [INF] Loading accounts...
2023-07-09 13:55:03.475 +06:00 [INF] Loading modpacks...
2023-07-09 13:55:22.564 +06:00 [INF] Loading configuration...
2023-07-09 13:55:22.565 +06:00 [INF] Loading versions...
2023-07-09 13:55:22.987 +06:00 [INF] Loading configuration...
2023-07-09 13:55:22.988 +06:00 [INF] Loading versions...
2023-07-09 13:55:23.256 +06:00 [INF] Internet available, fetching
2023-07-09 13:55:23.401 +06:00 [INF] Loading custom versions...
2023-07-09 13:55:23.403 +06:00 [INF] Loading settings...
2023-07-09 13:55:23.403 +06:00 [INF] Loading accounts...
2023-07-09 13:55:23.403 +06:00 [INF] Loading modpacks...
2023-07-09 13:55:23.658 +06:00 [INF] Internet available, fetching
2023-07-09 13:55:23.815 +06:00 [INF] Loading custom versions...
2023-07-09 13:55:23.817 +06:00 [INF] Loading settings...
2023-07-09 13:55:23.818 +06:00 [INF] Loading accounts...
2023-07-09 13:55:23.818 +06:00 [INF] Loading modpacks...
2023-07-09 13:55:24.174 +06:00 [INF] Loading configuration...
2023-07-09 13:55:24.174 +06:00 [INF] Loading versions...
2023-07-09 13:55:24.850 +06:00 [INF] Internet available, fetching
2023-07-09 13:55:24.996 +06:00 [INF] Loading custom versions...
2023-07-09 13:55:25.001 +06:00 [INF] Loading settings...
2023-07-09 13:55:25.001 +06:00 [INF] Loading accounts...
2023-07-09 13:55:25.001 +06:00 [INF] Loading modpacks...
2023-07-09 13:55:25.669 +06:00 [INF] Loading configuration...
2023-07-09 13:55:25.670 +06:00 [INF] Loading versions...
2023-07-09 13:55:26.350 +06:00 [INF] Internet available, fetching
2023-07-09 13:55:26.487 +06:00 [INF] Loading configuration...
2023-07-09 13:55:26.487 +06:00 [INF] Loading versions...
2023-07-09 13:55:26.497 +06:00 [INF] Loading custom versions...
2023-07-09 13:55:26.499 +06:00 [INF] Loading settings...
2023-07-09 13:55:26.499 +06:00 [INF] Loading accounts...
2023-07-09 13:55:26.499 +06:00 [INF] Loading modpacks...
2023-07-09 13:55:27.174 +06:00 [INF] Internet available, fetching
2023-07-09 13:55:27.334 +06:00 [INF] Loading custom versions...
2023-07-09 13:55:27.336 +06:00 [INF] Loading settings...
2023-07-09 13:55:27.337 +06:00 [INF] Loading accounts...
2023-07-09 13:55:27.337 +06:00 [INF] Loading modpacks...
2023-07-09 13:55:43.080 +06:00 [INF] Loading configuration...
2023-07-09 13:55:43.081 +06:00 [INF] Loading versions...
2023-07-09 13:55:43.759 +06:00 [INF] Internet available, fetching
2023-07-09 13:55:43.907 +06:00 [INF] Loading custom versions...
2023-07-09 13:55:43.909 +06:00 [INF] Loading settings...
2023-07-09 13:55:43.910 +06:00 [INF] Loading accounts...
2023-07-09 13:55:43.910 +06:00 [INF] Loading modpacks...
2023-07-09 13:55:48.515 +06:00 [INF] Loading configuration...
2023-07-09 13:55:48.516 +06:00 [INF] Loading versions...
2023-07-09 13:55:49.214 +06:00 [INF] Internet available, fetching
2023-07-09 13:55:49.362 +06:00 [INF] Loading custom versions...
2023-07-09 13:55:49.364 +06:00 [INF] Loading settings...
2023-07-09 13:55:49.365 +06:00 [INF] Loading accounts...
2023-07-09 13:55:49.365 +06:00 [INF] Loading modpacks...
2023-07-09 13:58:11.264 +06:00 [INF] Loading configuration...
2023-07-09 13:58:11.264 +06:00 [INF] Loading versions...
2023-07-09 13:58:12.017 +06:00 [INF] Internet available, fetching
2023-07-09 13:58:13.005 +06:00 [INF] Loading custom versions...
2023-07-09 13:58:13.008 +06:00 [INF] Loading settings...
2023-07-09 13:58:13.008 +06:00 [INF] Loading accounts...
2023-07-09 13:58:13.008 +06:00 [INF] Loading modpacks...
2023-07-09 13:58:14.142 +06:00 [INF] Loading configuration...
2023-07-09 13:58:14.143 +06:00 [INF] Loading versions...
2023-07-09 13:58:14.856 +06:00 [INF] Internet available, fetching
2023-07-09 13:58:15.006 +06:00 [INF] Loading custom versions...
2023-07-09 13:58:15.012 +06:00 [INF] Loading settings...
2023-07-09 13:58:15.012 +06:00 [INF] Loading accounts...
2023-07-09 13:58:15.012 +06:00 [INF] Loading modpacks...
2023-07-09 13:58:50.194 +06:00 [INF] Loading configuration...
2023-07-09 13:58:50.194 +06:00 [INF] Loading versions...
2023-07-09 13:58:50.937 +06:00 [INF] Internet available, fetching
2023-07-09 13:58:51.092 +06:00 [INF] Loading custom versions...
2023-07-09 13:58:51.098 +06:00 [INF] Loading settings...
2023-07-09 13:58:51.098 +06:00 [INF] Loading accounts...
2023-07-09 13:58:51.098 +06:00 [INF] Loading modpacks...
2023-07-09 13:59:02.541 +06:00 [INF] Loading configuration...
2023-07-09 13:59:02.542 +06:00 [INF] Loading versions...
2023-07-09 13:59:03.231 +06:00 [INF] Internet available, fetching
2023-07-09 13:59:03.380 +06:00 [INF] Loading custom versions...
2023-07-09 13:59:03.385 +06:00 [INF] Loading settings...
2023-07-09 13:59:03.385 +06:00 [INF] Loading accounts...
2023-07-09 13:59:03.385 +06:00 [INF] Loading modpacks...
2023-07-09 13:59:08.002 +06:00 [INF] Loading configuration...
2023-07-09 13:59:08.003 +06:00 [INF] Loading versions...
2023-07-09 13:59:08.701 +06:00 [INF] Internet available, fetching
2023-07-09 13:59:08.850 +06:00 [INF] Loading custom versions...
2023-07-09 13:59:08.852 +06:00 [INF] Loading settings...
2023-07-09 13:59:08.852 +06:00 [INF] Loading accounts...
2023-07-09 13:59:08.852 +06:00 [INF] Loading modpacks...
2023-07-09 13:59:17.150 +06:00 [INF] Loading configuration...
2023-07-09 13:59:17.150 +06:00 [INF] Loading versions...
2023-07-09 13:59:17.836 +06:00 [INF] Internet available, fetching
2023-07-09 13:59:17.987 +06:00 [INF] Loading custom versions...
2023-07-09 13:59:17.992 +06:00 [INF] Loading settings...
2023-07-09 13:59:17.992 +06:00 [INF] Loading accounts...
2023-07-09 13:59:17.992 +06:00 [INF] Loading modpacks...
2023-07-09 13:59:25.039 +06:00 [INF] Loading configuration...
2023-07-09 13:59:25.039 +06:00 [INF] Loading versions...
2023-07-09 13:59:25.722 +06:00 [INF] Internet available, fetching
2023-07-09 13:59:25.873 +06:00 [INF] Loading custom versions...
2023-07-09 13:59:25.880 +06:00 [INF] Loading settings...
2023-07-09 13:59:25.880 +06:00 [INF] Loading accounts...
2023-07-09 13:59:25.880 +06:00 [INF] Loading modpacks...
2023-07-09 13:59:30.797 +06:00 [INF] Loading configuration...
2023-07-09 13:59:30.797 +06:00 [INF] Loading versions...
2023-07-09 13:59:31.489 +06:00 [INF] Internet available, fetching
2023-07-09 13:59:31.639 +06:00 [INF] Loading custom versions...
2023-07-09 13:59:31.645 +06:00 [INF] Loading settings...
2023-07-09 13:59:31.645 +06:00 [INF] Loading accounts...
2023-07-09 13:59:31.645 +06:00 [INF] Loading modpacks...
2023-07-09 13:59:38.356 +06:00 [INF] Loading configuration...
2023-07-09 13:59:38.357 +06:00 [INF] Loading versions...
2023-07-09 13:59:39.041 +06:00 [INF] Internet available, fetching
2023-07-09 13:59:39.191 +06:00 [INF] Loading custom versions...
2023-07-09 13:59:39.193 +06:00 [INF] Loading settings...
2023-07-09 13:59:39.193 +06:00 [INF] Loading accounts...
2023-07-09 13:59:39.193 +06:00 [INF] Loading modpacks...
2023-07-09 13:59:49.376 +06:00 [INF] Loading configuration...
2023-07-09 13:59:49.377 +06:00 [INF] Loading versions...
2023-07-09 13:59:50.066 +06:00 [INF] Internet available, fetching
2023-07-09 13:59:50.217 +06:00 [INF] Loading custom versions...
2023-07-09 13:59:50.219 +06:00 [INF] Loading settings...
2023-07-09 13:59:50.219 +06:00 [INF] Loading accounts...
2023-07-09 13:59:50.219 +06:00 [INF] Loading modpacks...
2023-07-09 13:59:53.238 +06:00 [INF] Loading configuration...
2023-07-09 13:59:53.239 +06:00 [INF] Loading versions...
2023-07-09 13:59:53.948 +06:00 [INF] Internet available, fetching
2023-07-09 13:59:54.098 +06:00 [INF] Loading custom versions...
2023-07-09 13:59:54.100 +06:00 [INF] Loading settings...
2023-07-09 13:59:54.100 +06:00 [INF] Loading accounts...
2023-07-09 13:59:54.100 +06:00 [INF] Loading modpacks...
2023-07-09 14:00:00.532 +06:00 [INF] Loading configuration...
2023-07-09 14:00:00.532 +06:00 [INF] Loading versions...
2023-07-09 14:00:01.222 +06:00 [INF] Internet available, fetching
2023-07-09 14:00:01.371 +06:00 [INF] Loading custom versions...
2023-07-09 14:00:01.376 +06:00 [INF] Loading settings...
2023-07-09 14:00:01.376 +06:00 [INF] Loading accounts...
2023-07-09 14:00:01.376 +06:00 [INF] Loading modpacks...
2023-07-09 14:00:07.992 +06:00 [INF] Loading configuration...
2023-07-09 14:00:07.993 +06:00 [INF] Loading versions...
2023-07-09 14:00:08.669 +06:00 [INF] Internet available, fetching
2023-07-09 14:00:08.820 +06:00 [INF] Loading custom versions...
2023-07-09 14:00:08.971 +06:00 [INF] Loading settings...
2023-07-09 14:00:08.971 +06:00 [INF] Loading accounts...
2023-07-09 14:00:08.971 +06:00 [INF] Loading modpacks...
2023-07-09 14:00:08.977 +06:00 [INF] Loading configuration...
2023-07-09 14:00:08.977 +06:00 [INF] Loading versions...
2023-07-09 14:00:09.653 +06:00 [INF] Internet available, fetching
2023-07-09 14:00:09.768 +06:00 [INF] Loading configuration...
2023-07-09 14:00:09.768 +06:00 [INF] Loading versions...
2023-07-09 14:00:09.809 +06:00 [INF] Loading custom versions...
2023-07-09 14:00:09.814 +06:00 [INF] Loading settings...
2023-07-09 14:00:09.815 +06:00 [INF] Loading accounts...
2023-07-09 14:00:09.815 +06:00 [INF] Loading modpacks...
2023-07-09 14:00:10.365 +06:00 [INF] Loading configuration...
2023-07-09 14:00:10.365 +06:00 [INF] Loading versions...
2023-07-09 14:00:10.461 +06:00 [INF] Internet available, fetching
2023-07-09 14:00:10.692 +06:00 [INF] Loading custom versions...
2023-07-09 14:00:10.931 +06:00 [INF] Loading settings...
2023-07-09 14:00:10.931 +06:00 [INF] Loading accounts...
2023-07-09 14:00:10.931 +06:00 [INF] Loading modpacks...
2023-07-09 14:00:10.938 +06:00 [INF] Loading configuration...
2023-07-09 14:00:10.938 +06:00 [INF] Loading versions...
2023-07-09 14:00:11.065 +06:00 [INF] Internet available, fetching
2023-07-09 14:00:11.220 +06:00 [INF] Loading custom versions...
2023-07-09 14:00:11.225 +06:00 [INF] Loading settings...
2023-07-09 14:00:11.225 +06:00 [INF] Loading accounts...
2023-07-09 14:00:11.225 +06:00 [INF] Loading modpacks...
2023-07-09 14:00:11.647 +06:00 [INF] Internet available, fetching
2023-07-09 14:00:11.797 +06:00 [INF] Loading custom versions...
2023-07-09 14:00:11.799 +06:00 [INF] Loading settings...
2023-07-09 14:00:11.799 +06:00 [INF] Loading accounts...
2023-07-09 14:00:11.799 +06:00 [INF] Loading modpacks...
2023-07-09 14:01:21.268 +06:00 [INF] Loading configuration...
2023-07-09 14:01:21.269 +06:00 [INF] Loading versions...
2023-07-09 14:01:21.975 +06:00 [INF] Internet available, fetching
2023-07-09 14:01:22.823 +06:00 [INF] Loading custom versions...
2023-07-09 14:01:22.825 +06:00 [INF] Loading settings...
2023-07-09 14:01:22.826 +06:00 [INF] Loading accounts...
2023-07-09 14:01:22.826 +06:00 [INF] Loading modpacks...
2023-07-09 14:01:23.323 +06:00 [INF] Loading configuration...
2023-07-09 14:01:23.324 +06:00 [INF] Loading versions...
2023-07-09 14:01:24.007 +06:00 [INF] Internet available, fetching
2023-07-09 14:01:24.176 +06:00 [INF] Loading custom versions...
2023-07-09 14:01:24.187 +06:00 [INF] Loading settings...
2023-07-09 14:01:24.187 +06:00 [INF] Loading accounts...
2023-07-09 14:01:24.188 +06:00 [INF] Loading modpacks...
2023-07-09 14:01:24.658 +06:00 [INF] Loading configuration...
2023-07-09 14:01:24.659 +06:00 [INF] Loading versions...
2023-07-09 14:01:25.361 +06:00 [INF] Internet available, fetching
2023-07-09 14:01:25.510 +06:00 [INF] Loading custom versions...
2023-07-09 14:01:25.516 +06:00 [INF] Loading settings...
2023-07-09 14:01:25.516 +06:00 [INF] Loading accounts...
2023-07-09 14:01:25.516 +06:00 [INF] Loading modpacks...
2023-07-09 14:01:29.429 +06:00 [INF] Loading configuration...
2023-07-09 14:01:29.430 +06:00 [INF] Loading versions...
2023-07-09 14:01:29.817 +06:00 [INF] Loading configuration...
2023-07-09 14:01:29.818 +06:00 [INF] Loading versions...
2023-07-09 14:01:30.100 +06:00 [INF] Internet available, fetching
2023-07-09 14:01:30.250 +06:00 [INF] Loading custom versions...
2023-07-09 14:01:30.270 +06:00 [INF] Loading settings...
2023-07-09 14:01:30.271 +06:00 [INF] Loading accounts...
2023-07-09 14:01:30.271 +06:00 [INF] Loading modpacks...
2023-07-09 14:01:30.275 +06:00 [INF] Loading configuration...
2023-07-09 14:01:30.276 +06:00 [INF] Loading versions...
2023-07-09 14:01:30.601 +06:00 [INF] Internet available, fetching
2023-07-09 14:01:30.750 +06:00 [INF] Loading custom versions...
2023-07-09 14:01:30.752 +06:00 [INF] Loading settings...
2023-07-09 14:01:30.752 +06:00 [INF] Loading accounts...
2023-07-09 14:01:30.752 +06:00 [INF] Loading modpacks...
2023-07-09 14:01:30.960 +06:00 [INF] Internet available, fetching
2023-07-09 14:01:31.112 +06:00 [INF] Loading custom versions...
2023-07-09 14:01:31.114 +06:00 [INF] Loading settings...
2023-07-09 14:01:31.114 +06:00 [INF] Loading accounts...
2023-07-09 14:01:31.114 +06:00 [INF] Loading modpacks...
2023-07-09 14:03:29.993 +06:00 [INF] Loading configuration...
2023-07-09 14:03:30.097 +06:00 [INF] Loading versions...
2023-07-09 14:03:30.954 +06:00 [INF] Internet available, fetching
2023-07-09 14:03:31.834 +06:00 [INF] Loading custom versions...
2023-07-09 14:03:31.866 +06:00 [INF] Loading settings...
2023-07-09 14:03:31.868 +06:00 [INF] Loading accounts...
2023-07-09 14:03:31.869 +06:00 [INF] Loading modpacks...
2023-07-09 14:04:14.623 +06:00 [INF] Loading configuration...
2023-07-09 14:04:14.711 +06:00 [INF] Loading versions...
2023-07-09 14:04:15.733 +06:00 [INF] Internet available, fetching
2023-07-09 14:04:16.069 +06:00 [INF] Loading custom versions...
2023-07-09 14:04:16.105 +06:00 [INF] Loading settings...
2023-07-09 14:04:16.107 +06:00 [INF] Loading accounts...
2023-07-09 14:04:16.107 +06:00 [INF] Loading modpacks...
2023-07-09 14:10:06.564 +06:00 [INF] Loading configuration...
2023-07-09 14:10:06.564 +06:00 [INF] Loading versions...
2023-07-09 14:10:07.367 +06:00 [INF] Internet available, fetching
2023-07-09 14:10:08.277 +06:00 [INF] Loading custom versions...
2023-07-09 14:10:08.283 +06:00 [INF] Loading settings...
2023-07-09 14:10:08.283 +06:00 [INF] Loading accounts...
2023-07-09 14:10:08.284 +06:00 [INF] Loading modpacks...
2023-07-09 14:10:12.285 +06:00 [INF] Loading configuration...
2023-07-09 14:10:12.285 +06:00 [INF] Loading versions...
2023-07-09 14:10:12.967 +06:00 [INF] Internet available, fetching
2023-07-09 14:10:13.119 +06:00 [INF] Loading custom versions...
2023-07-09 14:10:13.124 +06:00 [INF] Loading settings...
2023-07-09 14:10:13.124 +06:00 [INF] Loading accounts...
2023-07-09 14:10:13.124 +06:00 [INF] Loading modpacks...
2023-07-09 14:10:21.489 +06:00 [INF] Loading configuration...
2023-07-09 14:10:21.490 +06:00 [INF] Loading versions...
2023-07-09 14:10:22.189 +06:00 [INF] Internet available, fetching
2023-07-09 14:10:22.337 +06:00 [INF] Loading custom versions...
2023-07-09 14:10:22.342 +06:00 [INF] Loading settings...
2023-07-09 14:10:22.342 +06:00 [INF] Loading accounts...
2023-07-09 14:10:22.343 +06:00 [INF] Loading modpacks...
2023-07-09 14:10:22.767 +06:00 [INF] Loading configuration...
2023-07-09 14:10:22.767 +06:00 [INF] Loading versions...
2023-07-09 14:10:23.114 +06:00 [INF] Loading configuration...
2023-07-09 14:10:23.114 +06:00 [INF] Loading versions...
2023-07-09 14:10:23.493 +06:00 [INF] Internet available, fetching
2023-07-09 14:10:23.642 +06:00 [INF] Loading custom versions...
2023-07-09 14:10:23.644 +06:00 [INF] Loading settings...
2023-07-09 14:10:23.644 +06:00 [INF] Loading accounts...
2023-07-09 14:10:23.644 +06:00 [INF] Loading modpacks...
2023-07-09 14:10:23.806 +06:00 [INF] Internet available, fetching
2023-07-09 14:10:23.965 +06:00 [INF] Loading custom versions...
2023-07-09 14:10:23.969 +06:00 [INF] Loading settings...
2023-07-09 14:10:23.970 +06:00 [INF] Loading accounts...
2023-07-09 14:10:23.970 +06:00 [INF] Loading modpacks...
2023-07-09 14:17:15.533 +06:00 [INF] Loading configuration...
2023-07-09 14:17:15.534 +06:00 [INF] Loading versions...
2023-07-09 14:17:16.350 +06:00 [INF] Internet available, fetching
2023-07-09 14:17:17.224 +06:00 [INF] Loading custom versions...
2023-07-09 14:17:17.228 +06:00 [INF] Loading settings...
2023-07-09 14:17:17.228 +06:00 [INF] Loading accounts...
2023-07-09 14:17:17.228 +06:00 [INF] Loading modpacks...
2023-07-09 14:17:18.999 +06:00 [INF] Loading configuration...
2023-07-09 14:17:19.000 +06:00 [INF] Loading versions...
2023-07-09 14:17:19.671 +06:00 [INF] Internet available, fetching
2023-07-09 14:17:19.820 +06:00 [INF] Loading custom versions...
2023-07-09 14:17:19.824 +06:00 [INF] Loading settings...
2023-07-09 14:17:19.825 +06:00 [INF] Loading accounts...
2023-07-09 14:17:19.825 +06:00 [INF] Loading modpacks...
2023-07-09 14:17:25.871 +06:00 [INF] Loading configuration...
2023-07-09 14:17:25.872 +06:00 [INF] Loading versions...
2023-07-09 14:17:26.563 +06:00 [INF] Internet available, fetching
2023-07-09 14:17:26.710 +06:00 [INF] Loading custom versions...
2023-07-09 14:17:26.714 +06:00 [INF] Loading settings...
2023-07-09 14:17:26.714 +06:00 [INF] Loading accounts...
2023-07-09 14:17:26.714 +06:00 [INF] Loading modpacks...
2023-07-09 14:18:16.849 +06:00 [INF] Loading configuration...
2023-07-09 14:18:16.934 +06:00 [INF] Loading versions...
2023-07-09 14:18:17.797 +06:00 [INF] Internet available, fetching
2023-07-09 14:18:18.139 +06:00 [INF] Loading custom versions...
2023-07-09 14:24:22.806 +06:00 [INF] Loading configuration...
2023-07-09 14:24:22.891 +06:00 [INF] Loading versions...
2023-07-09 14:24:23.895 +06:00 [INF] Internet available, fetching
2023-07-09 14:24:24.811 +06:00 [INF] Loading custom versions...
2023-07-09 14:24:24.845 +06:00 [INF] Loading settings...
2023-07-09 14:24:24.847 +06:00 [INF] Loading accounts...
2023-07-09 14:24:24.848 +06:00 [INF] Loading modpacks...
2023-07-09 14:24:44.262 +06:00 [INF] Loading configuration...
2023-07-09 14:24:44.346 +06:00 [INF] Loading versions...
2023-07-09 14:24:45.219 +06:00 [INF] Internet available, fetching
2023-07-09 14:24:45.706 +06:00 [INF] Loading custom versions...
2023-07-09 14:24:45.739 +06:00 [INF] Loading settings...
2023-07-09 14:24:45.742 +06:00 [INF] Loading accounts...
2023-07-09 14:24:45.742 +06:00 [INF] Loading modpacks...
2023-07-09 14:24:49.329 +06:00 [INF] Loading configuration...
2023-07-09 14:24:49.330 +06:00 [INF] Loading versions...
2023-07-09 14:24:50.019 +06:00 [INF] Internet available, fetching
2023-07-09 14:24:50.171 +06:00 [INF] Loading custom versions...
2023-07-09 14:24:50.174 +06:00 [INF] Loading settings...
2023-07-09 14:24:50.174 +06:00 [INF] Loading accounts...
2023-07-09 14:24:50.175 +06:00 [INF] Loading modpacks...
2023-07-09 14:25:49.668 +06:00 [INF] Loading configuration...
2023-07-09 14:25:49.669 +06:00 [INF] Loading versions...
2023-07-09 14:25:50.363 +06:00 [INF] Internet available, fetching
2023-07-09 14:25:50.514 +06:00 [INF] Loading custom versions...
2023-07-09 14:25:50.520 +06:00 [INF] Loading settings...
2023-07-09 14:25:50.520 +06:00 [INF] Loading accounts...
2023-07-09 14:25:50.520 +06:00 [INF] Loading modpacks...
2023-07-09 14:25:59.752 +06:00 [INF] Loading configuration...
2023-07-09 14:25:59.753 +06:00 [INF] Loading versions...
2023-07-09 14:26:00.494 +06:00 [INF] Internet available, fetching
2023-07-09 14:26:00.656 +06:00 [INF] Loading custom versions...
2023-07-09 14:26:00.678 +06:00 [INF] Loading settings...
2023-07-09 14:26:00.678 +06:00 [INF] Loading accounts...
2023-07-09 14:26:00.678 +06:00 [INF] Loading modpacks...
2023-07-09 14:26:05.079 +06:00 [INF] Loading configuration...
2023-07-09 14:26:05.080 +06:00 [INF] Loading versions...
2023-07-09 14:26:05.761 +06:00 [INF] Internet available, fetching
2023-07-09 14:26:05.914 +06:00 [INF] Loading custom versions...
2023-07-09 14:26:05.919 +06:00 [INF] Loading settings...
2023-07-09 14:26:05.919 +06:00 [INF] Loading accounts...
2023-07-09 14:26:05.919 +06:00 [INF] Loading modpacks...
2023-07-09 14:27:05.321 +06:00 [INF] Loading configuration...
2023-07-09 14:27:05.401 +06:00 [INF] Loading versions...
2023-07-09 14:27:06.297 +06:00 [INF] Internet available, fetching
2023-07-09 14:27:07.194 +06:00 [INF] Loading custom versions...
2023-07-09 14:27:07.230 +06:00 [INF] Loading settings...
2023-07-09 14:27:07.233 +06:00 [INF] Loading accounts...
2023-07-09 14:27:07.233 +06:00 [INF] Loading modpacks...
2023-07-09 14:27:24.757 +06:00 [INF] Loading configuration...
2023-07-09 14:27:24.758 +06:00 [INF] Loading versions...
2023-07-09 14:27:25.431 +06:00 [INF] Internet available, fetching
2023-07-09 14:27:25.590 +06:00 [INF] Loading custom versions...
2023-07-09 14:27:25.594 +06:00 [INF] Loading settings...
2023-07-09 14:27:25.594 +06:00 [INF] Loading accounts...
2023-07-09 14:27:25.594 +06:00 [INF] Loading modpacks...
2023-07-09 14:27:46.225 +06:00 [INF] Loading configuration...
2023-07-09 14:27:46.225 +06:00 [INF] Loading versions...
2023-07-09 14:27:46.916 +06:00 [INF] Internet available, fetching
2023-07-09 14:27:47.075 +06:00 [INF] Loading custom versions...
2023-07-09 14:27:47.082 +06:00 [INF] Loading settings...
2023-07-09 14:27:47.082 +06:00 [INF] Loading accounts...
2023-07-09 14:27:47.082 +06:00 [INF] Loading modpacks...
2023-07-09 14:32:47.249 +06:00 [INF] Loading configuration...
2023-07-09 14:32:47.331 +06:00 [INF] Loading versions...
2023-07-09 14:32:48.199 +06:00 [INF] Internet available, fetching
2023-07-09 14:32:48.605 +06:00 [INF] Loading custom versions...
2023-07-09 14:32:48.643 +06:00 [INF] Loading settings...
2023-07-09 14:32:48.646 +06:00 [INF] Loading accounts...
2023-07-09 14:32:48.646 +06:00 [INF] Loading modpacks...
2023-07-09 14:33:22.649 +06:00 [INF] Loading configuration...
2023-07-09 14:33:22.742 +06:00 [INF] Loading versions...
2023-07-09 14:33:23.624 +06:00 [INF] Internet available, fetching
2023-07-09 14:33:23.992 +06:00 [INF] Loading custom versions...
2023-07-09 14:33:24.027 +06:00 [INF] Loading settings...
2023-07-09 14:33:24.029 +06:00 [INF] Loading accounts...
2023-07-09 14:33:24.030 +06:00 [INF] Loading modpacks...
2023-07-09 14:34:53.054 +06:00 [INF] Loading configuration...
2023-07-09 14:34:53.055 +06:00 [INF] Loading versions...
2023-07-09 14:34:53.728 +06:00 [INF] Internet available, fetching
2023-07-09 14:34:54.675 +06:00 [INF] Loading custom versions...
2023-07-09 14:34:54.681 +06:00 [INF] Loading settings...
2023-07-09 14:34:54.681 +06:00 [INF] Loading accounts...
2023-07-09 14:34:54.682 +06:00 [INF] Loading modpacks...
2023-07-09 14:35:22.770 +06:00 [INF] Loading configuration...
2023-07-09 14:35:22.864 +06:00 [INF] Loading versions...
2023-07-09 14:35:23.719 +06:00 [INF] Internet available, fetching
2023-07-09 14:35:24.100 +06:00 [INF] Loading custom versions...
2023-07-09 14:35:24.129 +06:00 [INF] Loading settings...
2023-07-09 14:35:24.131 +06:00 [INF] Loading accounts...
2023-07-09 14:35:24.131 +06:00 [INF] Loading modpacks...
2023-07-09 14:40:19.885 +06:00 [INF] Loading configuration...
2023-07-09 14:40:19.965 +06:00 [INF] Loading versions...
2023-07-09 14:40:20.814 +06:00 [INF] Internet available, fetching
2023-07-09 14:40:21.175 +06:00 [INF] Loading custom versions...
2023-07-09 14:40:21.208 +06:00 [INF] Loading settings...
2023-07-09 14:40:21.211 +06:00 [INF] Loading accounts...
2023-07-09 14:40:21.211 +06:00 [INF] Loading modpacks...
2023-07-09 14:40:24.158 +06:00 [INF] Loading configuration...
2023-07-09 14:40:24.158 +06:00 [INF] Loading versions...
2023-07-09 14:40:24.873 +06:00 [INF] Internet available, fetching
2023-07-09 14:40:25.022 +06:00 [INF] Loading custom versions...
2023-07-09 14:40:25.024 +06:00 [INF] Loading settings...
2023-07-09 14:40:25.025 +06:00 [INF] Loading accounts...
2023-07-09 14:40:25.025 +06:00 [INF] Loading modpacks...
2023-07-09 14:40:30.945 +06:00 [INF] Loading configuration...
2023-07-09 14:40:30.946 +06:00 [INF] Loading versions...
2023-07-09 14:40:31.636 +06:00 [INF] Internet available, fetching
2023-07-09 14:40:31.784 +06:00 [INF] Loading custom versions...
2023-07-09 14:40:31.786 +06:00 [INF] Loading settings...
2023-07-09 14:40:31.786 +06:00 [INF] Loading accounts...
2023-07-09 14:40:31.786 +06:00 [INF] Loading modpacks...
2023-07-09 14:41:14.071 +06:00 [INF] Loading configuration...
2023-07-09 14:41:14.164 +06:00 [INF] Loading versions...
2023-07-09 14:41:15.091 +06:00 [INF] Internet available, fetching
2023-07-09 14:41:15.550 +06:00 [INF] Loading custom versions...
2023-07-09 14:41:15.585 +06:00 [INF] Loading settings...
2023-07-09 14:41:15.588 +06:00 [INF] Loading accounts...
2023-07-09 14:41:15.588 +06:00 [INF] Loading modpacks...
2023-07-09 14:56:22.454 +06:00 [INF] Loading configuration...
2023-07-09 14:56:22.538 +06:00 [INF] Loading versions...
2023-07-09 14:56:23.512 +06:00 [INF] Internet available, fetching
2023-07-09 14:56:24.408 +06:00 [INF] Loading custom versions...
2023-07-09 14:56:24.442 +06:00 [INF] Loading settings...
2023-07-09 14:56:24.445 +06:00 [INF] Loading accounts...
2023-07-09 14:56:24.445 +06:00 [INF] Loading modpacks...
2023-07-09 14:57:25.496 +06:00 [INF] Loading configuration...
2023-07-09 14:57:25.594 +06:00 [INF] Loading versions...
2023-07-09 14:57:26.448 +06:00 [INF] Internet available, fetching
2023-07-09 14:57:26.804 +06:00 [INF] Loading custom versions...
2023-07-09 14:57:26.840 +06:00 [INF] Loading settings...
2023-07-09 14:57:26.843 +06:00 [INF] Loading accounts...
2023-07-09 14:57:26.843 +06:00 [INF] Loading modpacks...
2023-07-09 15:01:20.523 +06:00 [INF] Loading configuration...
2023-07-09 15:01:20.609 +06:00 [INF] Loading versions...
2023-07-09 15:01:21.468 +06:00 [INF] Internet available, fetching
2023-07-09 15:01:22.380 +06:00 [INF] Loading custom versions...
2023-07-09 15:01:22.414 +06:00 [INF] Loading settings...
2023-07-09 15:01:22.417 +06:00 [INF] Loading accounts...
2023-07-09 15:01:22.417 +06:00 [INF] Loading modpacks...
2023-07-09 15:08:57.744 +06:00 [INF] Loading configuration...
2023-07-09 15:08:57.825 +06:00 [INF] Loading versions...
2023-07-09 15:08:58.709 +06:00 [INF] Internet available, fetching
2023-07-09 15:08:59.147 +06:00 [INF] Loading custom versions...
2023-07-09 15:08:59.183 +06:00 [INF] Loading settings...
2023-07-09 15:08:59.185 +06:00 [INF] Loading accounts...
2023-07-09 15:08:59.185 +06:00 [INF] Loading modpacks...
2023-07-10 16:36:50.804 +06:00 [INF] Loading configuration...
2023-07-10 16:36:50.929 +06:00 [INF] Loading versions...
2023-07-10 16:36:52.235 +06:00 [INF] Internet available, fetching
2023-07-10 16:36:53.176 +06:00 [INF] Loading custom versions...
2023-07-10 16:36:53.207 +06:00 [INF] Loading settings...
2023-07-10 16:36:53.209 +06:00 [INF] Loading accounts...
2023-07-10 16:36:53.210 +06:00 [INF] Loading modpacks...
2023-07-10 17:00:38.831 +06:00 [INF] Loading configuration...
2023-07-10 17:00:38.910 +06:00 [INF] Loading versions...
2023-07-10 17:00:40.096 +06:00 [INF] Internet available, fetching
2023-07-10 17:00:41.008 +06:00 [INF] Loading custom versions...
2023-07-10 17:00:41.039 +06:00 [INF] Loading settings...
2023-07-10 17:00:41.042 +06:00 [INF] Loading accounts...
2023-07-10 17:00:41.042 +06:00 [INF] Loading modpacks...
2023-07-10 17:40:26.406 +06:00 [INF] Loading configuration...
2023-07-10 17:40:26.489 +06:00 [INF] Loading versions...
2023-07-10 17:40:27.545 +06:00 [INF] Internet available, fetching
2023-07-10 17:40:27.918 +06:00 [INF] Loading custom versions...
2023-07-10 17:40:27.952 +06:00 [INF] Loading settings...
2023-07-10 17:40:27.955 +06:00 [INF] Loading accounts...
2023-07-10 17:40:27.955 +06:00 [INF] Loading modpacks...
2023-07-10 17:46:55.213 +06:00 [INF] Loading configuration...
2023-07-10 17:46:55.295 +06:00 [INF] Loading versions...
2023-07-10 17:46:56.357 +06:00 [INF] Internet available, fetching
2023-07-10 17:46:57.273 +06:00 [INF] Loading custom versions...
2023-07-10 17:46:57.311 +06:00 [INF] Loading settings...
2023-07-10 17:46:57.314 +06:00 [INF] Loading accounts...
2023-07-10 17:46:57.314 +06:00 [INF] Loading modpacks...
